0 info it worked if it ends with ok
1 verbose cli [ 'C:\\Program Files\\nodejs\\node.exe',
1 verbose cli   'C:\\Program Files\\nodejs\\node_modules\\npm\\bin\\npm-cli.js',
1 verbose cli   'run-script',
1 verbose cli   'start' ]
2 info using npm@3.10.9
3 info using node@v6.9.2
4 verbose run-script [ 'prestart', 'start', 'poststart' ]
5 info lifecycle untitled11@0.0.0~prestart: untitled11@0.0.0
6 silly lifecycle untitled11@0.0.0~prestart: no script for prestart, continuing
7 info lifecycle untitled11@0.0.0~start: untitled11@0.0.0
8 verbose lifecycle untitled11@0.0.0~start: unsafe-perm in lifecycle true
9 verbose lifecycle untitled11@0.0.0~start: PATH: C:\Program Files\nodejs\node_modules\npm\bin\node-gyp-bin;C:\xampp5.5\untitled11\node_modules\.bin;C:\ProgramData\Oracle\Java\javapath;C:\Program Files (x86)\ActiveState Komodo IDE 9\;C:\WINDOWS\system32;C:\WINDOWS;C:\WINDOWS\System32\Wbem;C:\WINDOWS\System32\WindowsPowerShell\v1.0\;c:\Program Files (x86)\ATI Technologies\ATI.ACE\Core-Static;C:\Program Files\Intel\WiFi\bin\;C:\Program Files\Common Files\Intel\WirelessCommon\;C:\xampp\php;C:\ProgramData\ComposerSetup\bin;C:\Program Files\MySQL\MySQL Server 5.7\bin;C:\Users\Entelijant\AppData\Local\Apps\cURL\bin;C:\Program Files\Java\jdk1.8.0_77;C:\Users\Entelijant\AppData\Local\Microsoft\WindowsApps;C:\HashiCorp\Vagrant\bin;C:\Program Files\Git\bin;~/.composer/vendor/bin;C:\Python27;C:\Program Files\apache-tomcat-9.0.0.M3;C:\Users\Entelijant\AppData\Roaming\npm;C:\Program Files\Java\jdk1.8.0_77\bin;C:\Program Files\Docker Toolbox;C:\Users\Entelijant\AppData\Roaming\Composer\vendor\bin;C:\xampp5.5\php;C:\WINDOWS\system32;C:\WINDOWS;C:\WINDOWS\System32\Wbem;C:\WINDOWS\System32\WindowsPowerShell\v1.0\;C:\Program Files (x86)\Brackets\command;C:\Program Files (x86)\Heroku\bin;C:\Program Files (x86)\git\cmd;C:\Program Files (x86)\Git\cmd;C:\Program Files\nodejs\;C:\Ruby23-x64\bin;C:\Users\Entelijant\AppData\Local\Apps\cURL\bin;C:\Python27;C:\Program Files\apache-tomcat-9.0.0.M3;C:\Program Files\Java\jdk1.8.0_77\bin;C:\Program Files\Docker Toolbox;C:\Users\Entelijant\AppData\Local\Microsoft\WindowsApps;c:\apktool.jar;C:\Users\Entelijant\apktool.bat;C:\Users\Entelijant\AppData\Roaming\npm
10 verbose lifecycle untitled11@0.0.0~start: CWD: C:\xampp5.5\untitled11
11 silly lifecycle untitled11@0.0.0~start: Args: [ '/d /s /c', 'node ./bin/www' ]
12 silly lifecycle untitled11@0.0.0~start: Returned: code: 1  signal: null
13 info lifecycle untitled11@0.0.0~start: Failed to exec start script
14 verbose stack Error: untitled11@0.0.0 start: `node ./bin/www`
14 verbose stack Exit status 1
14 verbose stack     at EventEmitter.<anonymous> (C:\Program Files\nodejs\node_modules\npm\lib\utils\lifecycle.js:255:16)
14 verbose stack     at emitTwo (events.js:106:13)
14 verbose stack     at EventEmitter.emit (events.js:191:7)
14 verbose stack     at ChildProcess.<anonymous> (C:\Program Files\nodejs\node_modules\npm\lib\utils\spawn.js:40:14)
14 verbose stack     at emitTwo (events.js:106:13)
14 verbose stack     at ChildProcess.emit (events.js:191:7)
14 verbose stack     at maybeClose (internal/child_process.js:877:16)
14 verbose stack     at Process.ChildProcess._handle.onexit (internal/child_process.js:226:5)
15 verbose pkgid untitled11@0.0.0
16 verbose cwd C:\xampp5.5\untitled11
17 error Windows_NT 10.0.14385
18 error argv "C:\\Program Files\\nodejs\\node.exe" "C:\\Program Files\\nodejs\\node_modules\\npm\\bin\\npm-cli.js" "run-script" "start"
19 error node v6.9.2
20 error npm  v3.10.9
21 error code ELIFECYCLE
22 error untitled11@0.0.0 start: `node ./bin/www`
22 error Exit status 1
23 error Failed at the untitled11@0.0.0 start script 'node ./bin/www'.
23 error Make sure you have the latest version of node.js and npm installed.
23 error If you do, this is most likely a problem with the untitled11 package,
23 error not with npm itself.
23 error Tell the author that this fails on your system:
23 error     node ./bin/www
23 error You can get information on how to open an issue for this project with:
23 error     npm bugs untitled11
23 error Or if that isn't available, you can get their info via:
23 error     npm owner ls untitled11
23 error There is likely additional logging output above.
24 verbose exit [ 1, true ]
